I, [2025-12-02T20:19:18.649227 #3172]  INFO -- : Created item: Test product (123.45)
I, [2025-12-02T20:19:18.649421 #3172]  INFO -- : Processed file: output/data.csv
I, [2025-12-02T20:21:47.849340 #16636]  INFO -- : Fetching https://example.com
I, [2025-12-02T20:21:48.494352 #16636]  INFO -- : Parsed item: Example Domain (0)
I, [2025-12-02T20:32:07.274002 #12864]  INFO -- : Fetching https://books.toscrape.com/
I, [2025-12-02T20:32:07.962696 #12864]  INFO -- : Parsed item: A Light in the Attic (51.77)
I, [2025-12-02T20:32:07.962891 #12864]  INFO -- : Parsed item: Tipping the Velvet (53.74)
I, [2025-12-02T20:32:07.963015 #12864]  INFO -- : Parsed item: Soumission (50.1)
I, [2025-12-02T20:32:07.963133 #12864]  INFO -- : Parsed item: Sharp Objects (47.82)
I, [2025-12-02T20:32:07.963246 #12864]  INFO -- : Parsed item: Sapiens: A Brief History of Humankind (54.23)
I, [2025-12-02T20:32:07.963372 #12864]  INFO -- : Parsed item: The Requiem Red (22.65)
I, [2025-12-02T20:32:07.963482 #12864]  INFO -- : Parsed item: The Dirty Little Secrets of Getting Your Dream Job (33.34)
I, [2025-12-02T20:32:07.963592 #12864]  INFO -- : Parsed item: The Coming Woman: A Novel Based on the Life of the Infamous Feminist, Victoria Woodhull (17.93)
I, [2025-12-02T20:32:07.963707 #12864]  INFO -- : Parsed item: The Boys in the Boat: Nine Americans and Their Epic Quest for Gold at the 1936 Berlin Olympics (22.6)
I, [2025-12-02T20:32:07.963818 #12864]  INFO -- : Parsed item: The Black Maria (52.15)
I, [2025-12-02T20:32:07.963927 #12864]  INFO -- : Parsed item: Starving Hearts (Triangular Trade Trilogy, #1) (13.99)
I, [2025-12-02T20:32:07.964046 #12864]  INFO -- : Parsed item: Shakespeare's Sonnets (20.66)
I, [2025-12-02T20:32:07.964182 #12864]  INFO -- : Parsed item: Set Me Free (17.46)
I, [2025-12-02T20:32:07.964302 #12864]  INFO -- : Parsed item: Scott Pilgrim's Precious Little Life (Scott Pilgrim #1) (52.29)
I, [2025-12-02T20:32:07.964442 #12864]  INFO -- : Parsed item: Rip it Up and Start Again (35.02)
I, [2025-12-02T20:32:07.964582 #12864]  INFO -- : Parsed item: Our Band Could Be Your Life: Scenes from the American Indie Underground, 1981-1991 (57.25)
I, [2025-12-02T20:32:07.964710 #12864]  INFO -- : Parsed item: Olio (23.88)
I, [2025-12-02T20:32:07.964835 #12864]  INFO -- : Parsed item: Mesaerion: The Best Science Fiction Stories 1800-1849 (37.59)
I, [2025-12-02T20:32:07.964963 #12864]  INFO -- : Parsed item: Libertarianism for Beginners (51.33)
I, [2025-12-02T20:32:07.965100 #12864]  INFO -- : Parsed item: It's Only the Himalayas (45.17)
I, [2025-12-02T20:35:58.315162 #14932]  INFO -- : Fetching https://books.toscrape.com/
I, [2025-12-02T20:35:59.126812 #14932]  INFO -- : Parsed item: A Light in the Attic (51.77)
I, [2025-12-02T20:35:59.127056 #14932]  INFO -- : Parsed item: Tipping the Velvet (53.74)
I, [2025-12-02T20:35:59.127177 #14932]  INFO -- : Parsed item: Soumission (50.1)
I, [2025-12-02T20:35:59.127292 #14932]  INFO -- : Parsed item: Sharp Objects (47.82)
I, [2025-12-02T20:35:59.127408 #14932]  INFO -- : Parsed item: Sapiens: A Brief History of Humankind (54.23)
I, [2025-12-02T20:35:59.127523 #14932]  INFO -- : Parsed item: The Requiem Red (22.65)
I, [2025-12-02T20:35:59.127639 #14932]  INFO -- : Parsed item: The Dirty Little Secrets of Getting Your Dream Job (33.34)
I, [2025-12-02T20:35:59.127763 #14932]  INFO -- : Parsed item: The Coming Woman: A Novel Based on the Life of the Infamous Feminist, Victoria Woodhull (17.93)
I, [2025-12-02T20:35:59.127895 #14932]  INFO -- : Parsed item: The Boys in the Boat: Nine Americans and Their Epic Quest for Gold at the 1936 Berlin Olympics (22.6)
I, [2025-12-02T20:35:59.128008 #14932]  INFO -- : Parsed item: The Black Maria (52.15)
I, [2025-12-02T20:35:59.128120 #14932]  INFO -- : Parsed item: Starving Hearts (Triangular Trade Trilogy, #1) (13.99)
I, [2025-12-02T20:35:59.128233 #14932]  INFO -- : Parsed item: Shakespeare's Sonnets (20.66)
I, [2025-12-02T20:35:59.128346 #14932]  INFO -- : Parsed item: Set Me Free (17.46)
I, [2025-12-02T20:35:59.128478 #14932]  INFO -- : Parsed item: Scott Pilgrim's Precious Little Life (Scott Pilgrim #1) (52.29)
I, [2025-12-02T20:35:59.128668 #14932]  INFO -- : Parsed item: Rip it Up and Start Again (35.02)
I, [2025-12-02T20:35:59.128800 #14932]  INFO -- : Parsed item: Our Band Could Be Your Life: Scenes from the American Indie Underground, 1981-1991 (57.25)
I, [2025-12-02T20:35:59.128919 #14932]  INFO -- : Parsed item: Olio (23.88)
I, [2025-12-02T20:35:59.129034 #14932]  INFO -- : Parsed item: Mesaerion: The Best Science Fiction Stories 1800-1849 (37.59)
I, [2025-12-02T20:35:59.129149 #14932]  INFO -- : Parsed item: Libertarianism for Beginners (51.33)
I, [2025-12-02T20:35:59.129264 #14932]  INFO -- : Parsed item: It's Only the Himalayas (45.17)
I, [2025-12-02T20:35:59.130211 #14932]  INFO -- : Cart created with 0 items
I, [2025-12-02T20:35:59.130291 #14932]  INFO -- : Added item: A Light in the Attic (51.77)
I, [2025-12-02T20:35:59.130336 #14932]  INFO -- : Added item: Tipping the Velvet (53.74)
I, [2025-12-02T20:35:59.130378 #14932]  INFO -- : Added item: Soumission (50.1)
I, [2025-12-02T20:35:59.130420 #14932]  INFO -- : Added item: Sharp Objects (47.82)
I, [2025-12-02T20:35:59.130462 #14932]  INFO -- : Added item: Sapiens: A Brief History of Humankind (54.23)
I, [2025-12-02T20:35:59.130503 #14932]  INFO -- : Added item: The Requiem Red (22.65)
I, [2025-12-02T20:35:59.130538 #14932]  INFO -- : Added item: The Dirty Little Secrets of Getting Your Dream Job (33.34)
I, [2025-12-02T20:35:59.130574 #14932]  INFO -- : Added item: The Coming Woman: A Novel Based on the Life of the Infamous Feminist, Victoria Woodhull (17.93)
I, [2025-12-02T20:35:59.130609 #14932]  INFO -- : Added item: The Boys in the Boat: Nine Americans and Their Epic Quest for Gold at the 1936 Berlin Olympics (22.6)
I, [2025-12-02T20:35:59.130643 #14932]  INFO -- : Added item: The Black Maria (52.15)
I, [2025-12-02T20:35:59.130678 #14932]  INFO -- : Added item: Starving Hearts (Triangular Trade Trilogy, #1) (13.99)
I, [2025-12-02T20:35:59.130714 #14932]  INFO -- : Added item: Shakespeare's Sonnets (20.66)
I, [2025-12-02T20:35:59.130749 #14932]  INFO -- : Added item: Set Me Free (17.46)
I, [2025-12-02T20:35:59.130784 #14932]  INFO -- : Added item: Scott Pilgrim's Precious Little Life (Scott Pilgrim #1) (52.29)
I, [2025-12-02T20:35:59.130828 #14932]  INFO -- : Added item: Rip it Up and Start Again (35.02)
I, [2025-12-02T20:35:59.130867 #14932]  INFO -- : Added item: Our Band Could Be Your Life: Scenes from the American Indie Underground, 1981-1991 (57.25)
I, [2025-12-02T20:35:59.130934 #14932]  INFO -- : Added item: Olio (23.88)
I, [2025-12-02T20:35:59.130980 #14932]  INFO -- : Added item: Mesaerion: The Best Science Fiction Stories 1800-1849 (37.59)
I, [2025-12-02T20:35:59.131015 #14932]  INFO -- : Added item: Libertarianism for Beginners (51.33)
I, [2025-12-02T20:35:59.131050 #14932]  INFO -- : Added item: It's Only the Himalayas (45.17)
I, [2025-12-02T20:35:59.131997 #14932]  INFO -- : Saving items to text file: C:/Users/dimav/Distributed-db-lab-1/lib/../output/data.txt
I, [2025-12-02T20:35:59.132432 #14932]  INFO -- : Saving items to JSON: C:/Users/dimav/Distributed-db-lab-1/lib/../output/data.json
I, [2025-12-02T20:35:59.132821 #14932]  INFO -- : Saving items to CSV: C:/Users/dimav/Distributed-db-lab-1/lib/../output/data.csv
I, [2025-12-02T20:35:59.133264 #14932]  INFO -- : Saving items to YAML dir: C:/Users/dimav/Distributed-db-lab-1/lib/../output/yaml_items
